<?xml version="1.0" encoding="UTF-8"?>
<!-- Generated by org.testng.reporters.JUnitXMLReporter -->
<testsuite hostname="DESKTOP-QL9EG6H" ignored="0" name="Default test" tests="4" failures="0" timestamp="2021-07-20T11:50:22 IST" time="69.316" errors="0">
  <testcase name="navigateToTest" time="26.652" classname="com.phptravels.testcases.LoginPageTest"/>
  <testcase name="verifyTitleofPage" time="0.181" classname="com.phptravels.testcases.LoginPageTest"/>
  <testcase name="verifySubtextOfTitlePage" time="0.15" classname="com.phptravels.testcases.LoginPageTest"/>
  <testcase name="clickOnLoginButton" time="8.089" classname="com.phptravels.testcases.LoginPageTest"/>
</testsuite> <!-- Default test -->
