<?xml version="1.0" encoding="UTF-8"?>
<!-- Generated by org.testng.reporters.JUnitXMLReporter -->
<testsuite hostname="DESKTOP-QL9EG6H" ignored="0" name="Test" tests="3" failures="0" timestamp="2021-07-19T12:30:03 IST" time="59.491" errors="0">
  <testcase name="verifyTitleofPage" time="0.457" classname="com.phptravels.testcases.LoginPageTest"/>
  <testcase name="verifySubtextOfTitlePage" time="0.201" classname="com.phptravels.testcases.LoginPageTest"/>
  <testcase name="clickOnLoginButton" time="10.657" classname="com.phptravels.testcases.LoginPageTest"/>
</testsuite> <!-- Test -->
