<?xml version="1.0" encoding="UTF-8"?>
<testng-results skipped="0" failed="0" ignored="0" total="4" passed="4">
  <reporter-output>
  </reporter-output>
  <suite name="Default suite" duration-ms="69316" started-at="2021-07-20T11:49:12 IST" finished-at="2021-07-20T11:50:22 IST">
    <groups>
    </groups>
    <test name="Default test" duration-ms="69316" started-at="2021-07-20T11:49:12 IST" finished-at="2021-07-20T11:50:22 IST">
      <class name="com.phptravels.testcases.LoginPageTest">
        <test-method status="PASS" signature="setUp()[pri:0, instance:com.phptravels.testcases.LoginPageTest@34cd072c]" name="setUp" is-config="true" duration-ms="9926" started-at="2021-07-20T11:49:12 IST" finished-at="2021-07-20T11:49:22 IST">
          <reporter-output>
          </reporter-output>
        </test-method> <!-- setUp -->
        <test-method status="PASS" signature="navigateToTest()[pri:0, instance:com.phptravels.testcases.LoginPageTest@34cd072c]" name="navigateToTest" duration-ms="26652" started-at="2021-07-20T11:49:22 IST" finished-at="2021-07-20T11:49:49 IST">
          <reporter-output>
          </reporter-output>
        </test-method> <!-- navigateToTest -->
        <test-method status="PASS" signature="tearDown()[pri:0, instance:com.phptravels.testcases.LoginPageTest@34cd072c]" name="tearDown" is-config="true" duration-ms="1381" started-at="2021-07-20T11:49:49 IST" finished-at="2021-07-20T11:49:50 IST">
          <reporter-output>
          </reporter-output>
        </test-method> <!-- tearDown -->
        <test-method status="PASS" signature="setUp()[pri:0, instance:com.phptravels.testcases.LoginPageTest@34cd072c]" name="setUp" is-config="true" duration-ms="5890" started-at="2021-07-20T11:49:50 IST" finished-at="2021-07-20T11:49:56 IST">
          <reporter-output>
          </reporter-output>
        </test-method> <!-- setUp -->
        <test-method status="PASS" signature="verifyTitleofPage()[pri:1, instance:com.phptravels.testcases.LoginPageTest@34cd072c]" name="verifyTitleofPage" duration-ms="181" started-at="2021-07-20T11:49:56 IST" finished-at="2021-07-20T11:49:56 IST">
          <reporter-output>
          </reporter-output>
        </test-method> <!-- verifyTitleofPage -->
        <test-method status="PASS" signature="tearDown()[pri:0, instance:com.phptravels.testcases.LoginPageTest@34cd072c]" name="tearDown" is-config="true" duration-ms="1805" started-at="2021-07-20T11:49:56 IST" finished-at="2021-07-20T11:49:58 IST">
          <reporter-output>
          </reporter-output>
        </test-method> <!-- tearDown -->
        <test-method status="PASS" signature="setUp()[pri:0, instance:com.phptravels.testcases.LoginPageTest@34cd072c]" name="setUp" is-config="true" duration-ms="5837" started-at="2021-07-20T11:49:58 IST" finished-at="2021-07-20T11:50:04 IST">
          <reporter-output>
          </reporter-output>
        </test-method> <!-- setUp -->
        <test-method status="PASS" signature="verifySubtextOfTitlePage()[pri:2, instance:com.phptravels.testcases.LoginPageTest@34cd072c]" name="verifySubtextOfTitlePage" duration-ms="150" started-at="2021-07-20T11:50:04 IST" finished-at="2021-07-20T11:50:04 IST">
          <reporter-output>
          </reporter-output>
        </test-method> <!-- verifySubtextOfTitlePage -->
        <test-method status="PASS" signature="tearDown()[pri:0, instance:com.phptravels.testcases.LoginPageTest@34cd072c]" name="tearDown" is-config="true" duration-ms="1238" started-at="2021-07-20T11:50:04 IST" finished-at="2021-07-20T11:50:05 IST">
          <reporter-output>
          </reporter-output>
        </test-method> <!-- tearDown -->
        <test-method status="PASS" signature="setUp()[pri:0, instance:com.phptravels.testcases.LoginPageTest@34cd072c]" name="setUp" is-config="true" duration-ms="7046" started-at="2021-07-20T11:50:06 IST" finished-at="2021-07-20T11:50:13 IST">
          <reporter-output>
          </reporter-output>
        </test-method> <!-- setUp -->
        <test-method status="PASS" signature="clickOnLoginButton()[pri:3, instance:com.phptravels.testcases.LoginPageTest@34cd072c]" name="clickOnLoginButton" duration-ms="8089" started-at="2021-07-20T11:50:13 IST" finished-at="2021-07-20T11:50:21 IST">
          <reporter-output>
          </reporter-output>
        </test-method> <!-- clickOnLoginButton -->
        <test-method status="PASS" signature="tearDown()[pri:0, instance:com.phptravels.testcases.LoginPageTest@34cd072c]" name="tearDown" is-config="true" duration-ms="1021" started-at="2021-07-20T11:50:21 IST" finished-at="2021-07-20T11:50:22 IST">
          <reporter-output>
          </reporter-output>
        </test-method> <!-- tearDown -->
      </class> <!-- com.phptravels.testcases.LoginPageTest -->
    </test> <!-- Default test -->
  </suite> <!-- Default suite -->
</testng-results>
